2024-04-22 12:03:51,251 INFO Set uid to user 0 succeeded
2024-04-22 12:03:51,252 INFO supervisord started with pid 1
2024-04-22 12:03:52,258 INFO spawned: 'nginx' with pid 7
2024-04-22 12:03:52,260 INFO spawned: 'php-fpm' with pid 8
2024-04-22 12:03:53,308 INFO success: nginx entered RUNNING state, process has stayed up for > than 1 seconds (startsecs)
2024-04-22 12:03:53,308 INFO success: php-fpm entered RUNNING state, process has stayed up for > than 1 seconds (startsecs)
2024-04-22 13:08:05,754 INFO reaped unknown pid 326 (exit status 0)
2024-04-22 13:21:39,046 INFO reaped unknown pid 404 (terminated by SIGINT)
2024-04-22 13:32:41,124 INFO reaped unknown pid 499 (exit status 0)
2024-04-22 13:38:43,181 WARN received SIGQUIT indicating exit request
2024-04-22 13:38:43,186 INFO waiting for nginx, php-fpm to die
2024-04-22 13:38:43,193 INFO stopped: php-fpm (exit status 0)
2024-04-22 13:38:43,197 INFO stopped: nginx (exit status 0)
2024-04-22 17:45:06,645 INFO Set uid to user 0 succeeded
2024-04-22 17:45:06,678 INFO supervisord started with pid 1
2024-04-22 17:45:07,685 INFO spawned: 'nginx' with pid 7
2024-04-22 17:45:07,687 INFO spawned: 'php-fpm' with pid 8
2024-04-22 17:45:08,760 INFO success: nginx entered RUNNING state, process has stayed up for > than 1 seconds (startsecs)
2024-04-22 17:45:08,760 INFO success: php-fpm entered RUNNING state, process has stayed up for > than 1 seconds (startsecs)
2024-04-22 17:48:05,430 INFO reaped unknown pid 94 (terminated by SIGINT)
2024-04-22 17:48:13,461 INFO reaped unknown pid 117 (exit status 0)
2024-04-22 18:23:33,070 INFO reaped unknown pid 134 (exit status 0)
2024-04-22 18:23:50,133 INFO reaped unknown pid 163 (exit status 0)
2024-04-23 11:53:36,639 INFO reaped unknown pid 1154 (terminated by SIGINT)
2024-04-23 11:53:39,680 WARN received SIGQUIT indicating exit request
2024-04-23 11:53:39,682 INFO waiting for nginx, php-fpm to die
2024-04-23 11:53:39,704 INFO stopped: php-fpm (exit status 0)
2024-04-23 11:53:39,715 INFO stopped: nginx (exit status 0)
2024-04-23 11:53:48,530 INFO Set uid to user 0 succeeded
2024-04-23 11:53:48,532 INFO supervisord started with pid 1
2024-04-23 11:53:49,538 INFO spawned: 'nginx' with pid 7
2024-04-23 11:53:49,540 INFO spawned: 'php-fpm' with pid 8
2024-04-23 11:53:50,592 INFO success: nginx entered RUNNING state, process has stayed up for > than 1 seconds (startsecs)
2024-04-23 11:53:50,592 INFO success: php-fpm entered RUNNING state, process has stayed up for > than 1 seconds (startsecs)
2024-04-23 12:04:58,530 INFO reaped unknown pid 51 (terminated by SIGINT)
2024-04-23 12:05:02,541 WARN received SIGQUIT indicating exit request
2024-04-23 12:05:02,541 INFO waiting for nginx, php-fpm to die
2024-04-23 12:05:02,550 INFO stopped: php-fpm (exit status 0)
2024-04-23 12:05:02,553 INFO stopped: nginx (exit status 0)
2024-04-23 23:22:48,825 INFO Set uid to user 0 succeeded
2024-04-23 23:22:48,923 INFO supervisord started with pid 1
2024-04-23 23:22:49,929 INFO spawned: 'nginx' with pid 7
2024-04-23 23:22:49,931 INFO spawned: 'php-fpm' with pid 8
2024-04-23 23:22:51,074 INFO success: nginx entered RUNNING state, process has stayed up for > than 1 seconds (startsecs)
2024-04-23 23:22:51,074 INFO success: php-fpm entered RUNNING state, process has stayed up for > than 1 seconds (startsecs)
2024-04-23 23:24:51,147 INFO reaped unknown pid 63 (terminated by SIGINT)
2024-04-23 23:25:16,254 INFO reaped unknown pid 160 (exit status 0)
2024-04-23 23:30:27,066 INFO reaped unknown pid 247 (exit status 0)
2024-04-24 00:08:35,900 INFO reaped unknown pid 525 (terminated by SIGINT)
2024-04-24 11:29:55,723 WARN received SIGQUIT indicating exit request
2024-04-24 11:29:55,723 INFO waiting for nginx, php-fpm to die
2024-04-24 11:29:55,730 INFO stopped: php-fpm (exit status 0)
2024-04-24 11:29:55,732 INFO stopped: nginx (exit status 0)
2024-04-24 12:14:21,493 INFO Set uid to user 0 succeeded
2024-04-24 12:14:21,512 INFO supervisord started with pid 1
2024-04-24 12:14:22,519 INFO spawned: 'laravel-queue' with pid 7
2024-04-24 12:14:22,521 INFO spawned: 'nginx' with pid 8
2024-04-24 12:14:22,523 INFO spawned: 'php-fpm' with pid 9
2024-04-24 12:14:23,634 INFO success: laravel-queue entered RUNNING state, process has stayed up for > than 1 seconds (startsecs)
2024-04-24 12:14:23,634 INFO success: nginx entered RUNNING state, process has stayed up for > than 1 seconds (startsecs)
2024-04-24 12:14:23,634 INFO success: php-fpm entered RUNNING state, process has stayed up for > than 1 seconds (startsecs)
2024-04-24 13:59:54,609 WARN received SIGQUIT indicating exit request
2024-04-24 13:59:54,609 INFO waiting for laravel-queue, nginx, php-fpm to die
2024-04-24 13:59:54,618 INFO stopped: php-fpm (exit status 0)
2024-04-24 13:59:54,624 INFO stopped: nginx (exit status 0)
2024-04-24 13:59:55,631 WARN stopped: laravel-queue (terminated by SIGTERM)
2024-04-24 14:40:31,076 INFO Set uid to user 0 succeeded
2024-04-24 14:40:31,077 INFO supervisord started with pid 1
2024-04-24 14:40:32,081 INFO spawned: 'laravel-queue' with pid 7
2024-04-24 14:40:32,083 INFO spawned: 'nginx' with pid 8
2024-04-24 14:40:32,085 INFO spawned: 'php-fpm' with pid 9
2024-04-24 14:40:33,128 INFO success: laravel-queue entered RUNNING state, process has stayed up for > than 1 seconds (startsecs)
2024-04-24 14:40:33,128 INFO success: nginx entered RUNNING state, process has stayed up for > than 1 seconds (startsecs)
2024-04-24 14:40:33,128 INFO success: php-fpm entered RUNNING state, process has stayed up for > than 1 seconds (startsecs)
2024-04-24 14:53:14,621 INFO reaped unknown pid 56 (terminated by SIGINT)
2024-04-24 18:20:37,099 WARN received SIGQUIT indicating exit request
2024-04-24 18:20:37,131 INFO waiting for laravel-queue, nginx, php-fpm to die
2024-04-24 18:20:37,191 INFO stopped: php-fpm (exit status 0)
2024-04-24 18:20:37,210 INFO stopped: nginx (exit status 0)
2024-04-24 18:20:37,220 WARN stopped: laravel-queue (terminated by SIGTERM)
2024-04-24 18:33:55,694 INFO Set uid to user 0 succeeded
2024-04-24 18:33:55,697 INFO supervisord started with pid 1
2024-04-24 18:33:56,701 INFO spawned: 'laravel-queue' with pid 7
2024-04-24 18:33:56,702 INFO spawned: 'nginx' with pid 8
2024-04-24 18:33:56,704 INFO spawned: 'php-fpm' with pid 9
2024-04-24 18:33:57,763 INFO success: laravel-queue entered RUNNING state, process has stayed up for > than 1 seconds (startsecs)
2024-04-24 18:33:57,763 INFO success: nginx entered RUNNING state, process has stayed up for > than 1 seconds (startsecs)
2024-04-24 18:33:57,763 INFO success: php-fpm entered RUNNING state, process has stayed up for > than 1 seconds (startsecs)
2024-04-24 18:37:14,893 INFO reaped unknown pid 56 (terminated by SIGINT)
2024-04-25 01:04:40,350 INFO reaped unknown pid 538 (terminated by SIGINT)
2024-04-25 01:07:11,980 INFO reaped unknown pid 652 (exit status 128)
2024-04-25 01:07:20,013 INFO reaped unknown pid 657 (exit status 255)
2024-04-25 01:07:28,045 INFO reaped unknown pid 660 (exit status 128)
2024-04-25 01:08:02,919 INFO reaped unknown pid 570 (terminated by SIGINT)
2024-04-25 01:10:16,442 INFO reaped unknown pid 95 (terminated by SIGINT)
2024-04-25 01:10:21,460 WARN received SIGQUIT indicating exit request
2024-04-25 01:10:21,465 INFO waiting for laravel-queue, nginx, php-fpm to die
2024-04-25 01:10:21,482 INFO stopped: php-fpm (exit status 0)
2024-04-25 01:10:21,496 INFO stopped: nginx (exit status 0)
2024-04-25 01:10:21,502 WARN stopped: laravel-queue (terminated by SIGTERM)
2024-04-25 11:36:44,865 INFO Set uid to user 0 succeeded
2024-04-25 11:36:44,867 INFO supervisord started with pid 1
2024-04-25 11:36:45,874 INFO spawned: 'laravel-queue' with pid 7
2024-04-25 11:36:45,876 INFO spawned: 'nginx' with pid 8
2024-04-25 11:36:45,878 INFO spawned: 'php-fpm' with pid 9
2024-04-25 11:36:45,898 WARN exited: laravel-queue (exit status 255; not expected)
2024-04-25 11:36:46,925 INFO spawned: 'laravel-queue' with pid 24
2024-04-25 11:36:46,925 INFO success: nginx entered RUNNING state, process has stayed up for > than 1 seconds (startsecs)
2024-04-25 11:36:46,925 INFO success: php-fpm entered RUNNING state, process has stayed up for > than 1 seconds (startsecs)
2024-04-25 11:36:46,943 WARN exited: laravel-queue (exit status 255; not expected)
2024-04-25 11:36:48,953 INFO spawned: 'laravel-queue' with pid 25
2024-04-25 11:36:48,976 WARN exited: laravel-queue (exit status 255; not expected)
2024-04-25 11:36:51,992 INFO spawned: 'laravel-queue' with pid 32
2024-04-25 11:36:52,013 WARN exited: laravel-queue (exit status 255; not expected)
2024-04-25 11:36:53,017 INFO gave up: laravel-queue entered FATAL state, too many start retries too quickly
2024-04-25 11:37:08,075 INFO reaped unknown pid 324 (exit status 0)
2024-04-25 18:03:00,125 WARN received SIGQUIT indicating exit request
2024-04-25 18:03:00,146 INFO waiting for nginx, php-fpm to die
2024-04-25 18:03:00,175 INFO stopped: php-fpm (exit status 0)
2024-04-25 18:03:00,179 INFO stopped: nginx (exit status 0)
2024-04-26 11:18:50,360 INFO Set uid to user 0 succeeded
2024-04-26 11:18:50,378 INFO supervisord started with pid 1
2024-04-26 11:18:51,387 INFO spawned: 'laravel-queue' with pid 7
2024-04-26 11:18:51,389 INFO spawned: 'nginx' with pid 8
2024-04-26 11:18:51,390 INFO spawned: 'php-fpm' with pid 9
2024-04-26 11:18:52,502 INFO success: laravel-queue entered RUNNING state, process has stayed up for > than 1 seconds (startsecs)
2024-04-26 11:18:52,502 INFO success: nginx entered RUNNING state, process has stayed up for > than 1 seconds (startsecs)
2024-04-26 11:18:52,502 INFO success: php-fpm entered RUNNING state, process has stayed up for > than 1 seconds (startsecs)
2024-04-26 12:13:28,620 INFO reaped unknown pid 113 (terminated by SIGINT)
2024-04-26 12:58:16,020 WARN received SIGQUIT indicating exit request
2024-04-26 12:58:16,021 INFO waiting for laravel-queue, nginx, php-fpm to die
2024-04-26 12:58:16,030 INFO stopped: php-fpm (exit status 0)
2024-04-26 12:58:16,034 INFO stopped: nginx (exit status 0)
2024-04-26 12:58:16,037 WARN stopped: laravel-queue (terminated by SIGTERM)
2024-04-26 13:40:25,717 INFO Set uid to user 0 succeeded
2024-04-26 13:40:25,718 INFO supervisord started with pid 1
2024-04-26 13:40:26,724 INFO spawned: 'laravel-queue' with pid 7
2024-04-26 13:40:26,726 INFO spawned: 'nginx' with pid 8
2024-04-26 13:40:26,728 INFO spawned: 'php-fpm' with pid 9
2024-04-26 13:40:27,770 INFO success: laravel-queue entered RUNNING state, process has stayed up for > than 1 seconds (startsecs)
2024-04-26 13:40:27,770 INFO success: nginx entered RUNNING state, process has stayed up for > than 1 seconds (startsecs)
2024-04-26 13:40:27,770 INFO success: php-fpm entered RUNNING state, process has stayed up for > than 1 seconds (startsecs)
2024-04-26 13:40:56,890 INFO reaped unknown pid 147 (exit status 0)
2024-04-26 15:39:03,723 INFO reaped unknown pid 179 (terminated by SIGINT)
2024-04-26 15:39:09,775 WARN received SIGQUIT indicating exit request
2024-04-26 15:39:09,777 INFO waiting for laravel-queue, nginx, php-fpm to die
2024-04-26 15:39:09,789 INFO stopped: php-fpm (exit status 0)
2024-04-26 15:39:09,793 INFO stopped: nginx (exit status 0)
2024-04-26 15:39:10,802 WARN stopped: laravel-queue (terminated by SIGTERM)
2024-04-26 16:45:43,017 INFO Set uid to user 0 succeeded
2024-04-26 16:45:43,019 INFO supervisord started with pid 1
2024-04-26 16:45:44,026 INFO spawned: 'laravel-queue' with pid 7
2024-04-26 16:45:44,028 INFO spawned: 'nginx' with pid 8
2024-04-26 16:45:44,030 INFO spawned: 'php-fpm' with pid 9
2024-04-26 16:45:45,080 INFO success: laravel-queue entered RUNNING state, process has stayed up for > than 1 seconds (startsecs)
2024-04-26 16:45:45,080 INFO success: nginx entered RUNNING state, process has stayed up for > than 1 seconds (startsecs)
2024-04-26 16:45:45,080 INFO success: php-fpm entered RUNNING state, process has stayed up for > than 1 seconds (startsecs)
2024-04-26 16:46:11,186 INFO reaped unknown pid 56 (terminated by SIGINT)
2024-04-26 17:11:17,708 INFO reaped unknown pid 91 (terminated by SIGINT)
2024-04-26 17:57:11,547 INFO reaped unknown pid 294 (terminated by SIGINT)
2024-04-26 17:57:14,569 WARN received SIGQUIT indicating exit request
2024-04-26 17:57:14,572 INFO waiting for laravel-queue, nginx, php-fpm to die
2024-04-26 17:57:14,583 INFO stopped: php-fpm (exit status 0)
2024-04-26 17:57:14,587 INFO stopped: nginx (exit status 0)
2024-04-26 17:57:14,592 WARN stopped: laravel-queue (terminated by SIGTERM)
2024-04-26 23:31:33,009 INFO Set uid to user 0 succeeded
2024-04-26 23:31:33,041 INFO supervisord started with pid 1
2024-04-26 23:31:34,043 INFO spawned: 'laravel-queue' with pid 7
2024-04-26 23:31:34,046 INFO spawned: 'nginx' with pid 8
2024-04-26 23:31:34,048 INFO spawned: 'php-fpm' with pid 9
2024-04-26 23:31:35,097 INFO success: laravel-queue entered RUNNING state, process has stayed up for > than 1 seconds (startsecs)
2024-04-26 23:31:35,098 INFO success: nginx entered RUNNING state, process has stayed up for > than 1 seconds (startsecs)
2024-04-26 23:31:35,098 INFO success: php-fpm entered RUNNING state, process has stayed up for > than 1 seconds (startsecs)
2024-04-27 00:30:20,507 INFO reaped unknown pid 611 (terminated by SIGINT)
2024-04-27 00:30:24,518 WARN received SIGQUIT indicating exit request
2024-04-27 00:30:24,519 INFO waiting for laravel-queue, nginx, php-fpm to die
2024-04-27 00:30:24,529 INFO stopped: php-fpm (exit status 0)
2024-04-27 00:30:24,532 INFO stopped: nginx (exit status 0)
2024-04-27 00:30:25,542 WARN stopped: laravel-queue (terminated by SIGTERM)
2024-04-30 13:43:54,406 INFO Set uid to user 0 succeeded
2024-04-30 13:43:54,431 INFO supervisord started with pid 1
2024-04-30 13:43:55,436 INFO spawned: 'laravel-queue' with pid 7
2024-04-30 13:43:55,438 INFO spawned: 'nginx' with pid 8
2024-04-30 13:43:55,440 INFO spawned: 'php-fpm' with pid 9
2024-04-30 13:43:56,552 INFO success: laravel-queue entered RUNNING state, process has stayed up for > than 1 seconds (startsecs)
2024-04-30 13:43:56,552 INFO success: nginx entered RUNNING state, process has stayed up for > than 1 seconds (startsecs)
2024-04-30 13:43:56,552 INFO success: php-fpm entered RUNNING state, process has stayed up for > than 1 seconds (startsecs)
2024-04-30 13:53:12,692 INFO reaped unknown pid 57 (terminated by SIGINT)
2024-04-30 19:47:38,573 INFO reaped unknown pid 94 (terminated by SIGINT)
2024-04-30 21:03:05,225 INFO reaped unknown pid 698 (terminated by SIGINT)
2024-04-30 21:10:08,923 INFO reaped unknown pid 710 (terminated by SIGINT)
2024-05-01 22:15:24,378 WARN received SIGQUIT indicating exit request
2024-05-01 22:15:24,456 INFO waiting for laravel-queue, nginx, php-fpm to die
2024-05-01 22:15:24,472 INFO stopped: php-fpm (exit status 0)
2024-05-01 22:15:25,490 INFO stopped: nginx (exit status 0)
2024-05-01 22:15:25,498 WARN stopped: laravel-queue (terminated by SIGTERM)
2024-05-02 13:10:05,599 INFO Set uid to user 0 succeeded
2024-05-02 13:10:05,704 INFO supervisord started with pid 1
2024-05-02 13:10:06,710 INFO spawned: 'laravel-queue' with pid 7
2024-05-02 13:10:06,712 INFO spawned: 'nginx' with pid 8
2024-05-02 13:10:06,714 INFO spawned: 'php-fpm' with pid 9
2024-05-02 13:10:07,899 INFO success: laravel-queue entered RUNNING state, process has stayed up for > than 1 seconds (startsecs)
2024-05-02 13:10:07,899 INFO success: nginx entered RUNNING state, process has stayed up for > than 1 seconds (startsecs)
2024-05-02 13:10:07,899 INFO success: php-fpm entered RUNNING state, process has stayed up for > than 1 seconds (startsecs)
2024-05-02 13:10:29,987 INFO reaped unknown pid 164 (exit status 0)
2024-05-02 19:00:42,429 INFO reaped unknown pid 486 (terminated by SIGINT)
2024-05-02 19:00:46,474 WARN received SIGQUIT indicating exit request
2024-05-02 19:00:46,474 INFO waiting for laravel-queue, nginx, php-fpm to die
2024-05-02 19:00:46,483 INFO stopped: php-fpm (exit status 0)
2024-05-02 19:00:46,488 INFO stopped: nginx (exit status 0)
2024-05-02 19:00:47,494 WARN stopped: laravel-queue (terminated by SIGTERM)
2024-05-02 19:03:17,049 INFO Set uid to user 0 succeeded
2024-05-02 19:03:17,051 INFO supervisord started with pid 1
2024-05-02 19:03:18,056 INFO spawned: 'laravel-queue' with pid 7
2024-05-02 19:03:18,058 INFO spawned: 'nginx' with pid 8
2024-05-02 19:03:18,060 INFO spawned: 'php-fpm' with pid 9
2024-05-02 19:03:19,106 INFO success: laravel-queue entered RUNNING state, process has stayed up for > than 1 seconds (startsecs)
2024-05-02 19:03:19,106 INFO success: nginx entered RUNNING state, process has stayed up for > than 1 seconds (startsecs)
2024-05-02 19:03:19,106 INFO success: php-fpm entered RUNNING state, process has stayed up for > than 1 seconds (startsecs)
2024-05-02 19:07:29,923 INFO reaped unknown pid 56 (terminated by SIGINT)
2024-05-02 20:49:16,538 INFO reaped unknown pid 91 (terminated by SIGINT)
2024-05-02 20:49:19,549 WARN received SIGQUIT indicating exit request
2024-05-02 20:49:19,550 INFO waiting for laravel-queue, nginx, php-fpm to die
2024-05-02 20:49:19,558 INFO stopped: php-fpm (exit status 0)
2024-05-02 20:49:19,562 INFO stopped: nginx (exit status 0)
2024-05-02 20:49:20,570 WARN stopped: laravel-queue (terminated by SIGTERM)
2024-05-03 12:33:32,991 INFO Set uid to user 0 succeeded
2024-05-03 12:33:33,026 INFO supervisord started with pid 1
2024-05-03 12:33:34,034 INFO spawned: 'laravel-queue' with pid 7
2024-05-03 12:33:34,036 INFO spawned: 'nginx' with pid 8
2024-05-03 12:33:34,038 INFO spawned: 'php-fpm' with pid 9
2024-05-03 12:33:35,151 INFO success: laravel-queue entered RUNNING state, process has stayed up for > than 1 seconds (startsecs)
2024-05-03 12:33:35,151 INFO success: nginx entered RUNNING state, process has stayed up for > than 1 seconds (startsecs)
2024-05-03 12:33:35,151 INFO success: php-fpm entered RUNNING state, process has stayed up for > than 1 seconds (startsecs)
2024-05-03 14:26:25,397 INFO reaped unknown pid 79 (terminated by SIGINT)
2024-05-03 19:03:13,972 INFO reaped unknown pid 262 (terminated by SIGINT)
2024-05-03 19:55:09,950 WARN received SIGQUIT indicating exit request
2024-05-03 19:55:09,950 INFO waiting for laravel-queue, nginx, php-fpm to die
2024-05-03 19:55:09,958 INFO stopped: php-fpm (exit status 0)
2024-05-03 19:55:09,960 INFO stopped: nginx (exit status 0)
2024-05-03 19:55:09,964 WARN stopped: laravel-queue (terminated by SIGTERM)
2024-05-03 19:55:45,517 INFO Set uid to user 0 succeeded
2024-05-03 19:55:45,624 INFO supervisord started with pid 1
2024-05-03 19:55:46,633 INFO spawned: 'laravel-queue' with pid 7
2024-05-03 19:55:46,635 INFO spawned: 'nginx' with pid 8
2024-05-03 19:55:46,636 INFO spawned: 'php-fpm' with pid 9
2024-05-03 19:55:47,774 INFO success: laravel-queue entered RUNNING state, process has stayed up for > than 1 seconds (startsecs)
2024-05-03 19:55:47,774 INFO success: nginx entered RUNNING state, process has stayed up for > than 1 seconds (startsecs)
2024-05-03 19:55:47,774 INFO success: php-fpm entered RUNNING state, process has stayed up for > than 1 seconds (startsecs)
2024-05-03 20:11:04,059 WARN received SIGQUIT indicating exit request
2024-05-03 20:11:04,060 INFO waiting for laravel-queue, nginx, php-fpm to die
2024-05-03 20:11:04,072 INFO stopped: php-fpm (exit status 0)
2024-05-03 20:11:04,074 INFO stopped: nginx (exit status 0)
2024-05-03 20:11:05,080 WARN stopped: laravel-queue (terminated by SIGTERM)
2024-05-06 13:15:53,244 INFO Set uid to user 0 succeeded
2024-05-06 13:15:53,278 INFO supervisord started with pid 1
2024-05-06 13:15:54,288 INFO spawned: 'laravel-queue' with pid 7
2024-05-06 13:15:54,290 INFO spawned: 'nginx' with pid 8
2024-05-06 13:15:54,292 INFO spawned: 'php-fpm' with pid 9
2024-05-06 13:15:55,399 INFO success: laravel-queue entered RUNNING state, process has stayed up for > than 1 seconds (startsecs)
2024-05-06 13:15:55,400 INFO success: nginx entered RUNNING state, process has stayed up for > than 1 seconds (startsecs)
2024-05-06 13:15:55,400 INFO success: php-fpm entered RUNNING state, process has stayed up for > than 1 seconds (startsecs)
2024-05-06 14:19:46,088 WARN received SIGQUIT indicating exit request
2024-05-06 14:19:46,088 INFO waiting for laravel-queue, nginx, php-fpm to die
2024-05-06 14:19:46,094 INFO stopped: php-fpm (exit status 0)
2024-05-06 14:19:46,096 INFO stopped: nginx (exit status 0)
2024-05-06 14:19:47,103 WARN stopped: laravel-queue (terminated by SIGTERM)
2024-05-06 18:18:00,347 INFO Set uid to user 0 succeeded
2024-05-06 18:18:00,348 INFO supervisord started with pid 1
2024-05-06 18:18:01,352 INFO spawned: 'laravel-queue' with pid 7
2024-05-06 18:18:01,354 INFO spawned: 'nginx' with pid 8
2024-05-06 18:18:01,356 INFO spawned: 'php-fpm' with pid 9
2024-05-06 18:18:02,405 INFO success: laravel-queue entered RUNNING state, process has stayed up for > than 1 seconds (startsecs)
2024-05-06 18:18:02,405 INFO success: nginx entered RUNNING state, process has stayed up for > than 1 seconds (startsecs)
2024-05-06 18:18:02,406 INFO success: php-fpm entered RUNNING state, process has stayed up for > than 1 seconds (startsecs)
2024-05-06 18:21:39,271 WARN received SIGQUIT indicating exit request
2024-05-06 18:21:39,271 INFO waiting for laravel-queue, nginx, php-fpm to die
2024-05-06 18:21:39,280 INFO stopped: php-fpm (exit status 0)
2024-05-06 18:21:39,282 INFO stopped: nginx (exit status 0)
2024-05-06 18:21:39,286 WARN stopped: laravel-queue (terminated by SIGTERM)
2024-05-08 02:50:10,761 INFO Set uid to user 0 succeeded
2024-05-08 02:50:10,853 INFO supervisord started with pid 1
2024-05-08 02:50:11,860 INFO spawned: 'laravel-queue' with pid 7
2024-05-08 02:50:11,861 INFO spawned: 'nginx' with pid 8
2024-05-08 02:50:11,863 INFO spawned: 'php-fpm' with pid 9
2024-05-08 02:50:12,973 INFO success: laravel-queue entered RUNNING state, process has stayed up for > than 1 seconds (startsecs)
2024-05-08 02:50:12,973 INFO success: nginx entered RUNNING state, process has stayed up for > than 1 seconds (startsecs)
2024-05-08 02:50:12,973 INFO success: php-fpm entered RUNNING state, process has stayed up for > than 1 seconds (startsecs)
2024-05-08 02:50:44,094 INFO reaped unknown pid 110 (exit status 0)
2024-05-08 02:53:54,990 INFO reaped unknown pid 183 (exit status 0)
2024-05-08 02:55:00,237 INFO reaped unknown pid 160 (terminated by SIGINT)
2024-05-08 03:11:44,115 WARN received SIGQUIT indicating exit request
2024-05-08 03:11:44,115 INFO waiting for laravel-queue, nginx, php-fpm to die
2024-05-08 03:11:44,124 INFO stopped: php-fpm (exit status 0)
2024-05-08 03:11:44,126 INFO stopped: nginx (exit status 0)
2024-05-08 03:11:44,130 WARN stopped: laravel-queue (terminated by SIGTERM)
2024-05-08 12:56:41,599 INFO Set uid to user 0 succeeded
2024-05-08 12:56:41,600 INFO supervisord started with pid 1
2024-05-08 12:56:42,606 INFO spawned: 'laravel-queue' with pid 7
2024-05-08 12:56:42,608 INFO spawned: 'nginx' with pid 8
2024-05-08 12:56:42,610 INFO spawned: 'php-fpm' with pid 9
2024-05-08 12:56:43,652 INFO success: laravel-queue entered RUNNING state, process has stayed up for > than 1 seconds (startsecs)
2024-05-08 12:56:43,652 INFO success: nginx entered RUNNING state, process has stayed up for > than 1 seconds (startsecs)
2024-05-08 12:56:43,652 INFO success: php-fpm entered RUNNING state, process has stayed up for > than 1 seconds (startsecs)
2024-05-08 21:49:54,850 INFO reaped unknown pid 57 (terminated by SIGINT)
2024-05-08 21:50:00,898 WARN received SIGQUIT indicating exit request
2024-05-08 21:50:00,903 INFO waiting for laravel-queue, nginx, php-fpm to die
2024-05-08 21:50:00,921 INFO stopped: php-fpm (exit status 0)
2024-05-08 21:50:00,938 INFO stopped: nginx (exit status 0)
2024-05-08 21:50:01,951 WARN stopped: laravel-queue (terminated by SIGTERM)
2024-05-09 13:20:23,816 INFO Set uid to user 0 succeeded
2024-05-09 13:20:23,832 INFO supervisord started with pid 1
2024-05-09 13:20:24,838 INFO spawned: 'laravel-queue' with pid 7
2024-05-09 13:20:24,840 INFO spawned: 'nginx' with pid 8
2024-05-09 13:20:24,842 INFO spawned: 'php-fpm' with pid 9
2024-05-09 13:20:25,974 INFO success: laravel-queue entered RUNNING state, process has stayed up for > than 1 seconds (startsecs)
2024-05-09 13:20:25,974 INFO success: nginx entered RUNNING state, process has stayed up for > than 1 seconds (startsecs)
2024-05-09 13:20:25,974 INFO success: php-fpm entered RUNNING state, process has stayed up for > than 1 seconds (startsecs)
2024-05-09 23:20:59,321 INFO reaped unknown pid 57 (terminated by SIGINT)
2024-05-09 23:21:03,334 WARN received SIGQUIT indicating exit request
2024-05-09 23:21:03,334 INFO waiting for laravel-queue, nginx, php-fpm to die
2024-05-09 23:21:04,345 INFO stopped: php-fpm (exit status 0)
2024-05-09 23:21:04,348 INFO stopped: nginx (exit status 0)
2024-05-09 23:21:04,352 WARN stopped: laravel-queue (terminated by SIGTERM)
2024-05-10 02:30:39,305 INFO Set uid to user 0 succeeded
2024-05-10 02:30:39,343 INFO supervisord started with pid 1
2024-05-10 02:30:40,351 INFO spawned: 'laravel-queue' with pid 7
2024-05-10 02:30:40,353 INFO spawned: 'nginx' with pid 8
2024-05-10 02:30:40,355 INFO spawned: 'php-fpm' with pid 9
2024-05-10 02:30:41,494 INFO success: laravel-queue entered RUNNING state, process has stayed up for > than 1 seconds (startsecs)
2024-05-10 02:30:41,494 INFO success: nginx entered RUNNING state, process has stayed up for > than 1 seconds (startsecs)
2024-05-10 02:30:41,494 INFO success: php-fpm entered RUNNING state, process has stayed up for > than 1 seconds (startsecs)
2024-05-10 02:34:45,509 WARN received SIGQUIT indicating exit request
2024-05-10 02:34:45,510 INFO waiting for laravel-queue, nginx, php-fpm to die
2024-05-10 02:34:45,523 INFO stopped: php-fpm (exit status 0)
2024-05-10 02:34:45,525 INFO stopped: nginx (exit status 0)
2024-05-10 02:34:45,528 WARN stopped: laravel-queue (terminated by SIGTERM)
2024-05-10 02:34:47,531 INFO Set uid to user 0 succeeded
2024-05-10 02:34:47,532 INFO supervisord started with pid 1
2024-05-10 02:34:48,537 INFO spawned: 'laravel-queue' with pid 7
2024-05-10 02:34:48,538 INFO spawned: 'nginx' with pid 8
2024-05-10 02:34:48,540 INFO spawned: 'php-fpm' with pid 9
2024-05-10 02:34:49,580 INFO success: laravel-queue entered RUNNING state, process has stayed up for > than 1 seconds (startsecs)
2024-05-10 02:34:49,580 INFO success: nginx entered RUNNING state, process has stayed up for > than 1 seconds (startsecs)
2024-05-10 02:34:49,580 INFO success: php-fpm entered RUNNING state, process has stayed up for > than 1 seconds (startsecs)
2024-05-10 03:28:37,540 WARN received SIGQUIT indicating exit request
2024-05-10 03:28:37,541 INFO waiting for laravel-queue, nginx, php-fpm to die
2024-05-10 03:28:37,546 INFO stopped: php-fpm (exit status 0)
2024-05-10 03:28:37,549 INFO stopped: nginx (exit status 0)
2024-05-10 03:28:37,552 WARN stopped: laravel-queue (terminated by SIGTERM)
2024-05-10 03:29:28,293 INFO Set uid to user 0 succeeded
2024-05-10 03:29:28,353 INFO supervisord started with pid 1
2024-05-10 03:29:29,359 INFO spawned: 'laravel-queue' with pid 7
2024-05-10 03:29:29,360 INFO spawned: 'nginx' with pid 8
2024-05-10 03:29:29,362 INFO spawned: 'php-fpm' with pid 9
2024-05-10 03:29:30,488 INFO success: laravel-queue entered RUNNING state, process has stayed up for > than 1 seconds (startsecs)
2024-05-10 03:29:30,488 INFO success: nginx entered RUNNING state, process has stayed up for > than 1 seconds (startsecs)
2024-05-10 03:29:30,489 INFO success: php-fpm entered RUNNING state, process has stayed up for > than 1 seconds (startsecs)
2024-05-10 13:18:12,027 WARN received SIGQUIT indicating exit request
2024-05-10 13:18:12,028 INFO waiting for laravel-queue, nginx, php-fpm to die
2024-05-10 13:18:12,044 INFO stopped: php-fpm (exit status 0)
2024-05-10 13:18:12,047 INFO stopped: nginx (exit status 0)
2024-05-10 13:18:13,052 WARN stopped: laravel-queue (terminated by SIGTERM)
2024-05-13 22:17:35,955 INFO Set uid to user 0 succeeded
2024-05-13 22:17:35,956 INFO supervisord started with pid 1
2024-05-13 22:17:36,964 INFO spawned: 'laravel-queue' with pid 7
2024-05-13 22:17:36,966 INFO spawned: 'nginx' with pid 8
2024-05-13 22:17:36,967 INFO spawned: 'php-fpm' with pid 9
2024-05-13 22:17:38,010 INFO success: laravel-queue entered RUNNING state, process has stayed up for > than 1 seconds (startsecs)
2024-05-13 22:17:38,010 INFO success: nginx entered RUNNING state, process has stayed up for > than 1 seconds (startsecs)
2024-05-13 22:17:38,010 INFO success: php-fpm entered RUNNING state, process has stayed up for > than 1 seconds (startsecs)
2024-05-14 00:53:29,561 INFO Set uid to user 0 succeeded
2024-05-14 00:53:29,564 INFO supervisord started with pid 1
2024-05-14 00:53:30,570 INFO spawned: 'laravel-queue' with pid 7
2024-05-14 00:53:30,572 INFO spawned: 'nginx' with pid 8
2024-05-14 00:53:30,574 INFO spawned: 'php-fpm' with pid 9
2024-05-14 00:53:31,645 INFO success: laravel-queue entered RUNNING state, process has stayed up for > than 1 seconds (startsecs)
2024-05-14 00:53:31,645 INFO success: nginx entered RUNNING state, process has stayed up for > than 1 seconds (startsecs)
2024-05-14 00:53:31,645 INFO success: php-fpm entered RUNNING state, process has stayed up for > than 1 seconds (startsecs)
2024-05-14 01:45:41,594 WARN received SIGQUIT indicating exit request
2024-05-14 01:45:41,594 INFO waiting for laravel-queue, nginx, php-fpm to die
2024-05-14 01:45:41,602 INFO stopped: php-fpm (exit status 0)
2024-05-14 01:45:41,604 INFO stopped: nginx (exit status 0)
2024-05-14 01:45:41,608 WARN stopped: laravel-queue (terminated by SIGTERM)
2024-05-14 12:44:35,585 INFO Set uid to user 0 succeeded
2024-05-14 12:44:35,587 INFO supervisord started with pid 1
2024-05-14 12:44:36,591 INFO spawned: 'laravel-queue' with pid 7
2024-05-14 12:44:36,593 INFO spawned: 'nginx' with pid 8
2024-05-14 12:44:36,595 INFO spawned: 'php-fpm' with pid 9
2024-05-14 12:44:37,641 INFO success: laravel-queue entered RUNNING state, process has stayed up for > than 1 seconds (startsecs)
2024-05-14 12:44:37,642 INFO success: nginx entered RUNNING state, process has stayed up for > than 1 seconds (startsecs)
2024-05-14 12:44:37,642 INFO success: php-fpm entered RUNNING state, process has stayed up for > than 1 seconds (startsecs)
2024-05-14 12:44:40,653 WARN received SIGQUIT indicating exit request
2024-05-14 12:44:40,654 INFO waiting for laravel-queue, nginx, php-fpm to die
2024-05-14 12:44:40,659 INFO stopped: php-fpm (exit status 0)
2024-05-14 12:44:40,662 INFO stopped: nginx (exit status 0)
2024-05-14 12:44:41,670 WARN stopped: laravel-queue (terminated by SIGTERM)
2024-05-14 12:48:08,197 INFO Set uid to user 0 succeeded
2024-05-14 12:48:08,340 INFO supervisord started with pid 1
2024-05-14 12:48:09,345 INFO spawned: 'laravel-queue' with pid 7
2024-05-14 12:48:09,346 INFO spawned: 'nginx' with pid 8
2024-05-14 12:48:09,348 INFO spawned: 'php-fpm' with pid 9
2024-05-14 12:48:10,461 INFO success: laravel-queue entered RUNNING state, process has stayed up for > than 1 seconds (startsecs)
2024-05-14 12:48:10,461 INFO success: nginx entered RUNNING state, process has stayed up for > than 1 seconds (startsecs)
2024-05-14 12:48:10,461 INFO success: php-fpm entered RUNNING state, process has stayed up for > than 1 seconds (startsecs)
2024-05-14 13:10:20,962 WARN received SIGQUIT indicating exit request
2024-05-14 13:10:20,963 INFO waiting for laravel-queue, nginx, php-fpm to die
2024-05-14 13:10:20,968 INFO stopped: php-fpm (exit status 0)
2024-05-14 13:10:20,971 INFO stopped: nginx (exit status 0)
2024-05-14 13:10:21,977 WARN stopped: laravel-queue (terminated by SIGTERM)
2024-05-14 13:10:45,888 INFO Set uid to user 0 succeeded
2024-05-14 13:10:45,948 INFO supervisord started with pid 1
2024-05-14 13:10:46,951 INFO spawned: 'laravel-queue' with pid 7
2024-05-14 13:10:46,953 INFO spawned: 'nginx' with pid 8
2024-05-14 13:10:46,955 INFO spawned: 'php-fpm' with pid 9
2024-05-14 13:10:48,005 INFO success: laravel-queue entered RUNNING state, process has stayed up for > than 1 seconds (startsecs)
2024-05-14 13:10:48,005 INFO success: nginx entered RUNNING state, process has stayed up for > than 1 seconds (startsecs)
2024-05-14 13:10:48,005 INFO success: php-fpm entered RUNNING state, process has stayed up for > than 1 seconds (startsecs)
2024-05-14 13:35:37,229 INFO reaped unknown pid 59 (terminated by SIGINT)
2024-05-14 14:54:30,435 INFO reaped unknown pid 100 (terminated by SIGINT)
<<<<<<< HEAD
2024-05-16 11:51:03,295 INFO Set uid to user 0 succeeded
2024-05-16 11:51:03,299 INFO supervisord started with pid 1
2024-05-16 11:51:04,305 INFO spawned: 'laravel-queue' with pid 7
2024-05-16 11:51:04,308 INFO spawned: 'nginx' with pid 8
2024-05-16 11:51:04,311 INFO spawned: 'php-fpm' with pid 9
2024-05-16 11:51:04,348 WARN exited: laravel-queue (exit status 255; not expected)
2024-05-16 11:51:05,375 INFO spawned: 'laravel-queue' with pid 18
2024-05-16 11:51:05,377 INFO success: nginx entered RUNNING state, process has stayed up for > than 1 seconds (startsecs)
2024-05-16 11:51:05,377 INFO success: php-fpm entered RUNNING state, process has stayed up for > than 1 seconds (startsecs)
2024-05-16 11:51:05,470 WARN exited: laravel-queue (exit status 255; not expected)
2024-05-16 11:51:07,476 INFO spawned: 'laravel-queue' with pid 19
2024-05-16 11:51:07,500 WARN exited: laravel-queue (exit status 255; not expected)
2024-05-16 11:51:10,506 INFO spawned: 'laravel-queue' with pid 20
2024-05-16 11:51:10,552 WARN exited: laravel-queue (exit status 255; not expected)
2024-05-16 11:51:11,555 INFO gave up: laravel-queue entered FATAL state, too many start retries too quickly
2024-05-16 12:21:50,650 WARN received SIGQUIT indicating exit request
2024-05-16 12:21:50,653 INFO waiting for nginx, php-fpm to die
2024-05-16 12:21:50,657 INFO stopped: php-fpm (exit status 0)
2024-05-16 12:21:50,659 INFO stopped: nginx (exit status 0)
2024-05-16 12:26:40,058 INFO Set uid to user 0 succeeded
2024-05-16 12:26:40,067 INFO supervisord started with pid 1
2024-05-16 12:26:41,074 INFO spawned: 'laravel-queue' with pid 7
2024-05-16 12:26:41,078 INFO spawned: 'nginx' with pid 8
2024-05-16 12:26:41,081 INFO spawned: 'php-fpm' with pid 9
2024-05-16 12:26:41,112 WARN exited: laravel-queue (exit status 255; not expected)
2024-05-16 12:26:42,132 INFO spawned: 'laravel-queue' with pid 18
2024-05-16 12:26:42,133 INFO success: nginx entered RUNNING state, process has stayed up for > than 1 seconds (startsecs)
2024-05-16 12:26:42,133 INFO success: php-fpm entered RUNNING state, process has stayed up for > than 1 seconds (startsecs)
2024-05-16 12:26:42,169 WARN exited: laravel-queue (exit status 255; not expected)
2024-05-16 12:26:44,172 INFO spawned: 'laravel-queue' with pid 19
2024-05-16 12:26:44,269 WARN exited: laravel-queue (exit status 255; not expected)
2024-05-16 12:26:47,274 INFO spawned: 'laravel-queue' with pid 20
2024-05-16 12:26:47,298 WARN exited: laravel-queue (exit status 255; not expected)
2024-05-16 12:26:48,300 INFO gave up: laravel-queue entered FATAL state, too many start retries too quickly
2024-05-16 12:29:37,679 WARN received SIGQUIT indicating exit request
2024-05-16 12:29:37,680 INFO waiting for nginx, php-fpm to die
2024-05-16 12:29:37,686 INFO stopped: php-fpm (exit status 0)
2024-05-16 12:29:37,689 INFO stopped: nginx (exit status 0)
2024-05-16 12:31:22,041 INFO Set uid to user 0 succeeded
2024-05-16 12:31:22,044 INFO supervisord started with pid 1
2024-05-16 12:31:23,047 INFO spawned: 'laravel-queue' with pid 7
2024-05-16 12:31:23,049 INFO spawned: 'nginx' with pid 8
2024-05-16 12:31:23,051 INFO spawned: 'php-fpm' with pid 9
2024-05-16 12:31:23,070 WARN exited: laravel-queue (exit status 255; not expected)
2024-05-16 12:31:24,082 INFO spawned: 'laravel-queue' with pid 18
2024-05-16 12:31:24,082 INFO success: nginx entered RUNNING state, process has stayed up for > than 1 seconds (startsecs)
2024-05-16 12:31:24,082 INFO success: php-fpm entered RUNNING state, process has stayed up for > than 1 seconds (startsecs)
2024-05-16 12:31:24,101 WARN exited: laravel-queue (exit status 255; not expected)
2024-05-16 12:31:26,107 INFO spawned: 'laravel-queue' with pid 19
2024-05-16 12:31:26,129 WARN exited: laravel-queue (exit status 255; not expected)
2024-05-16 12:31:29,136 INFO spawned: 'laravel-queue' with pid 20
2024-05-16 12:31:29,155 WARN exited: laravel-queue (exit status 255; not expected)
2024-05-16 12:31:30,157 INFO gave up: laravel-queue entered FATAL state, too many start retries too quickly
2024-05-16 12:33:21,380 WARN received SIGQUIT indicating exit request
2024-05-16 12:33:21,381 INFO waiting for nginx, php-fpm to die
2024-05-16 12:33:21,386 INFO stopped: php-fpm (exit status 0)
2024-05-16 12:33:21,388 INFO stopped: nginx (exit status 0)
2024-05-16 12:34:55,823 INFO Set uid to user 0 succeeded
2024-05-16 12:34:55,827 INFO supervisord started with pid 1
2024-05-16 12:34:56,830 INFO spawned: 'laravel-queue' with pid 7
2024-05-16 12:34:56,832 INFO spawned: 'nginx' with pid 8
2024-05-16 12:34:56,835 INFO spawned: 'php-fpm' with pid 9
2024-05-16 12:34:56,850 WARN exited: laravel-queue (exit status 255; not expected)
2024-05-16 12:34:57,859 INFO spawned: 'laravel-queue' with pid 18
2024-05-16 12:34:57,860 INFO success: nginx entered RUNNING state, process has stayed up for > than 1 seconds (startsecs)
2024-05-16 12:34:57,861 INFO success: php-fpm entered RUNNING state, process has stayed up for > than 1 seconds (startsecs)
2024-05-16 12:34:57,875 WARN exited: laravel-queue (exit status 255; not expected)
2024-05-16 12:34:59,880 INFO spawned: 'laravel-queue' with pid 19
2024-05-16 12:34:59,896 WARN exited: laravel-queue (exit status 255; not expected)
2024-05-16 12:35:02,902 INFO spawned: 'laravel-queue' with pid 20
2024-05-16 12:35:02,921 WARN exited: laravel-queue (exit status 255; not expected)
2024-05-16 12:35:03,922 INFO gave up: laravel-queue entered FATAL state, too many start retries too quickly
=======
2024-05-14 18:48:46,986 INFO reaped unknown pid 146 (terminated by SIGINT)
2024-05-14 18:48:53,007 WARN received SIGQUIT indicating exit request
2024-05-14 18:48:53,011 INFO waiting for laravel-queue, nginx, php-fpm to die
2024-05-14 18:48:53,021 INFO stopped: php-fpm (exit status 0)
2024-05-14 18:48:53,037 INFO stopped: nginx (exit status 0)
2024-05-14 18:48:54,047 WARN stopped: laravel-queue (terminated by SIGTERM)
>>>>>>> b73d9fb0149c634b2c87272d9fb1e1fecdf65067
2024-05-16 13:32:34,695 INFO Set uid to user 0 succeeded
2024-05-16 13:32:34,698 INFO supervisord started with pid 1
2024-05-16 13:32:35,701 INFO spawned: 'laravel-queue' with pid 7
2024-05-16 13:32:35,703 INFO spawned: 'nginx' with pid 8
2024-05-16 13:32:35,705 INFO spawned: 'php-fpm' with pid 9
2024-05-16 13:32:36,730 INFO success: laravel-queue entered RUNNING state, process has stayed up for > than 1 seconds (startsecs)
2024-05-16 13:32:36,730 INFO success: nginx entered RUNNING state, process has stayed up for > than 1 seconds (startsecs)
2024-05-16 13:32:36,730 INFO success: php-fpm entered RUNNING state, process has stayed up for > than 1 seconds (startsecs)
2024-05-16 13:44:49,201 INFO Set uid to user 0 succeeded
2024-05-16 13:44:49,205 INFO supervisord started with pid 1
2024-05-16 13:44:50,209 INFO spawned: 'laravel-queue' with pid 7
2024-05-16 13:44:50,214 INFO spawned: 'nginx' with pid 8
2024-05-16 13:44:50,220 INFO spawned: 'php-fpm' with pid 9
2024-05-16 13:44:51,498 INFO success: laravel-queue entered RUNNING state, process has stayed up for > than 1 seconds (startsecs)
2024-05-16 13:44:51,498 INFO success: nginx entered RUNNING state, process has stayed up for > than 1 seconds (startsecs)
2024-05-16 13:44:51,499 INFO success: php-fpm entered RUNNING state, process has stayed up for > than 1 seconds (startsecs)
2024-05-16 14:32:36,869 WARN received SIGQUIT indicating exit request
2024-05-16 14:32:36,870 INFO waiting for laravel-queue, nginx, php-fpm to die
2024-05-16 14:32:36,876 INFO stopped: php-fpm (exit status 0)
2024-05-16 14:32:36,878 INFO stopped: nginx (exit status 0)
2024-05-16 14:32:37,884 WARN stopped: laravel-queue (terminated by SIGTERM)
2024-05-16 14:33:40,967 INFO Set uid to user 0 succeeded
2024-05-16 14:33:40,970 INFO supervisord started with pid 1
2024-05-16 14:33:41,975 INFO spawned: 'laravel-queue' with pid 7
2024-05-16 14:33:41,978 INFO spawned: 'nginx' with pid 8
2024-05-16 14:33:41,980 INFO spawned: 'php-fpm' with pid 9
2024-05-16 14:33:43,012 INFO success: laravel-queue entered RUNNING state, process has stayed up for > than 1 seconds (startsecs)
2024-05-16 14:33:43,012 INFO success: nginx entered RUNNING state, process has stayed up for > than 1 seconds (startsecs)
2024-05-16 14:33:43,013 INFO success: php-fpm entered RUNNING state, process has stayed up for > than 1 seconds (startsecs)
2024-05-16 14:37:19,451 WARN received SIGQUIT indicating exit request
2024-05-16 14:37:19,454 INFO waiting for laravel-queue, nginx, php-fpm to die
2024-05-16 14:37:19,468 INFO stopped: php-fpm (exit status 0)
2024-05-16 14:37:19,472 INFO stopped: nginx (exit status 0)
2024-05-16 14:37:19,477 WARN stopped: laravel-queue (terminated by SIGTERM)
2024-05-16 14:37:21,135 INFO Set uid to user 0 succeeded
2024-05-16 14:37:21,139 INFO supervisord started with pid 1
2024-05-16 14:37:22,142 INFO spawned: 'laravel-queue' with pid 7
2024-05-16 14:37:22,144 INFO spawned: 'nginx' with pid 8
2024-05-16 14:37:22,146 INFO spawned: 'php-fpm' with pid 9
2024-05-16 14:37:23,179 INFO success: laravel-queue entered RUNNING state, process has stayed up for > than 1 seconds (startsecs)
2024-05-16 14:37:23,179 INFO success: nginx entered RUNNING state, process has stayed up for > than 1 seconds (startsecs)
2024-05-16 14:37:23,180 INFO success: php-fpm entered RUNNING state, process has stayed up for > than 1 seconds (startsecs)
2024-05-16 14:45:09,633 INFO Set uid to user 0 succeeded
2024-05-16 14:45:09,637 INFO supervisord started with pid 1
2024-05-16 14:45:10,639 INFO spawned: 'laravel-queue' with pid 7
2024-05-16 14:45:10,642 INFO spawned: 'nginx' with pid 8
2024-05-16 14:45:10,645 INFO spawned: 'php-fpm' with pid 9
2024-05-16 14:45:12,112 INFO success: laravel-queue entered RUNNING state, process has stayed up for > than 1 seconds (startsecs)
2024-05-16 14:45:12,337 INFO success: nginx entered RUNNING state, process has stayed up for > than 1 seconds (startsecs)
2024-05-16 14:45:12,339 INFO success: php-fpm entered RUNNING state, process has stayed up for > than 1 seconds (startsecs)
2024-05-16 14:49:36,828 WARN received SIGQUIT indicating exit request
2024-05-16 14:49:36,828 INFO waiting for laravel-queue, nginx, php-fpm to die
2024-05-16 14:49:36,844 INFO stopped: php-fpm (exit status 0)
2024-05-16 14:49:36,848 INFO stopped: nginx (exit status 0)
2024-05-16 14:49:37,849 WARN stopped: laravel-queue (terminated by SIGTERM)
2024-05-16 14:49:40,586 INFO Set uid to user 0 succeeded
2024-05-16 14:49:40,588 INFO supervisord started with pid 1
2024-05-16 14:49:41,592 INFO spawned: 'laravel-queue' with pid 6
2024-05-16 14:49:41,594 INFO spawned: 'nginx' with pid 7
2024-05-16 14:49:41,596 INFO spawned: 'php-fpm' with pid 8
2024-05-16 14:49:42,627 INFO success: laravel-queue entered RUNNING state, process has stayed up for > than 1 seconds (startsecs)
2024-05-16 14:49:42,627 INFO success: nginx entered RUNNING state, process has stayed up for > than 1 seconds (startsecs)
2024-05-16 14:49:42,627 INFO success: php-fpm entered RUNNING state, process has stayed up for > than 1 seconds (startsecs)
2024-05-16 17:24:34,130 INFO reaped unknown pid 137 (terminated by SIGINT)
2024-05-17 16:46:26,118 INFO reaped unknown pid 571 (terminated by SIGINT)
2024-05-20 16:52:14,491 WARN received SIGQUIT indicating exit request
2024-05-20 16:52:14,497 INFO waiting for laravel-queue, nginx, php-fpm to die
2024-05-20 16:52:14,507 INFO stopped: php-fpm (exit status 0)
2024-05-20 16:52:14,526 INFO stopped: nginx (exit status 0)
2024-05-20 16:52:14,530 WARN stopped: laravel-queue (terminated by SIGTERM)
2024-05-20 16:52:20,659 INFO Set uid to user 0 succeeded
2024-05-20 16:52:20,667 INFO supervisord started with pid 1
2024-05-20 16:52:21,676 INFO spawned: 'laravel-queue' with pid 7
2024-05-20 16:52:21,684 INFO spawned: 'nginx' with pid 8
2024-05-20 16:52:21,700 INFO spawned: 'php-fpm' with pid 9
2024-05-20 16:52:22,766 INFO success: laravel-queue entered RUNNING state, process has stayed up for > than 1 seconds (startsecs)
2024-05-20 16:52:22,767 INFO success: nginx entered RUNNING state, process has stayed up for > than 1 seconds (startsecs)
2024-05-20 16:52:22,767 INFO success: php-fpm entered RUNNING state, process has stayed up for > than 1 seconds (startsecs)
2024-05-21 18:59:43,755 INFO Set uid to user 0 succeeded
2024-05-21 18:59:43,775 INFO supervisord started with pid 1
2024-05-21 18:59:44,780 INFO spawned: 'laravel-queue' with pid 7
2024-05-21 18:59:44,786 INFO spawned: 'nginx' with pid 8
2024-05-21 18:59:44,792 INFO spawned: 'php-fpm' with pid 9
2024-05-21 18:59:46,273 INFO success: laravel-queue entered RUNNING state, process has stayed up for > than 1 seconds (startsecs)
2024-05-21 18:59:46,274 INFO success: nginx entered RUNNING state, process has stayed up for > than 1 seconds (startsecs)
2024-05-21 18:59:46,275 INFO success: php-fpm entered RUNNING state, process has stayed up for > than 1 seconds (startsecs)
2024-05-22 12:23:10,360 INFO Set uid to user 0 succeeded
2024-05-22 12:23:10,363 INFO supervisord started with pid 1
2024-05-22 12:23:11,372 INFO spawned: 'laravel-queue' with pid 7
2024-05-22 12:23:11,374 INFO spawned: 'nginx' with pid 8
2024-05-22 12:23:11,376 INFO spawned: 'php-fpm' with pid 9
2024-05-22 12:23:12,494 INFO success: laravel-queue entered RUNNING state, process has stayed up for > than 1 seconds (startsecs)
2024-05-22 12:23:12,494 INFO success: nginx entered RUNNING state, process has stayed up for > than 1 seconds (startsecs)
2024-05-22 12:23:12,494 INFO success: php-fpm entered RUNNING state, process has stayed up for > than 1 seconds (startsecs)
2024-05-22 13:25:38,446 INFO reaped unknown pid 57 (terminated by SIGINT)
2024-05-22 13:25:42,461 WARN received SIGQUIT indicating exit request
2024-05-22 13:25:42,461 INFO waiting for laravel-queue, nginx, php-fpm to die
2024-05-22 13:25:42,476 INFO stopped: php-fpm (exit status 0)
2024-05-22 13:25:42,479 INFO stopped: nginx (exit status 0)
2024-05-22 13:25:43,489 WARN stopped: laravel-queue (terminated by SIGTERM)
2024-05-22 17:48:36,856 INFO Set uid to user 0 succeeded
2024-05-22 17:48:36,859 INFO supervisord started with pid 1
2024-05-22 17:48:37,865 INFO spawned: 'laravel-queue' with pid 7
2024-05-22 17:48:37,867 INFO spawned: 'nginx' with pid 8
2024-05-22 17:48:37,869 INFO spawned: 'php-fpm' with pid 9
2024-05-22 17:48:38,987 INFO success: laravel-queue entered RUNNING state, process has stayed up for > than 1 seconds (startsecs)
2024-05-22 17:48:38,987 INFO success: nginx entered RUNNING state, process has stayed up for > than 1 seconds (startsecs)
2024-05-22 17:48:38,987 INFO success: php-fpm entered RUNNING state, process has stayed up for > than 1 seconds (startsecs)
2024-05-22 23:10:38,044 WARN received SIGQUIT indicating exit request
2024-05-22 23:10:38,079 INFO waiting for laravel-queue, nginx, php-fpm to die
2024-05-22 23:10:38,090 INFO stopped: php-fpm (exit status 0)
2024-05-22 23:10:38,093 INFO stopped: nginx (exit status 0)
2024-05-22 23:10:39,101 WARN stopped: laravel-queue (terminated by SIGTERM)
2024-05-23 02:40:45,393 INFO Set uid to user 0 succeeded
2024-05-23 02:40:45,446 INFO supervisord started with pid 1
2024-05-23 02:40:46,453 INFO spawned: 'laravel-queue' with pid 7
2024-05-23 02:40:46,454 INFO spawned: 'nginx' with pid 8
2024-05-23 02:40:46,456 INFO spawned: 'php-fpm' with pid 9
2024-05-23 02:40:47,581 INFO success: laravel-queue entered RUNNING state, process has stayed up for > than 1 seconds (startsecs)
2024-05-23 02:40:47,581 INFO success: nginx entered RUNNING state, process has stayed up for > than 1 seconds (startsecs)
2024-05-23 02:40:47,581 INFO success: php-fpm entered RUNNING state, process has stayed up for > than 1 seconds (startsecs)
2024-05-23 03:24:35,914 INFO reaped unknown pid 151 (exit status 0)
2024-05-23 03:26:11,384 WARN received SIGQUIT indicating exit request
2024-05-23 03:26:11,385 INFO waiting for laravel-queue, nginx, php-fpm to die
2024-05-23 03:26:11,393 INFO stopped: php-fpm (exit status 0)
2024-05-23 03:26:11,396 INFO stopped: nginx (exit status 0)
2024-05-23 03:26:11,400 WARN stopped: laravel-queue (terminated by SIGTERM)
2024-05-29 19:02:07,320 INFO Set uid to user 0 succeeded
2024-05-29 19:02:07,323 INFO supervisord started with pid 1
2024-05-29 19:02:08,331 INFO spawned: 'laravel-queue' with pid 7
2024-05-29 19:02:08,333 INFO spawned: 'nginx' with pid 8
2024-05-29 19:02:08,335 INFO spawned: 'php-fpm' with pid 9
2024-05-29 19:02:09,445 INFO success: laravel-queue entered RUNNING state, process has stayed up for > than 1 seconds (startsecs)
2024-05-29 19:02:09,446 INFO success: nginx entered RUNNING state, process has stayed up for > than 1 seconds (startsecs)
2024-05-29 19:02:09,446 INFO success: php-fpm entered RUNNING state, process has stayed up for > than 1 seconds (startsecs)
2024-05-29 19:27:47,631 WARN received SIGQUIT indicating exit request
2024-05-29 19:27:47,631 INFO waiting for laravel-queue, nginx, php-fpm to die
2024-05-29 19:27:47,637 INFO stopped: php-fpm (exit status 0)
2024-05-29 19:27:47,639 INFO stopped: nginx (exit status 0)
2024-05-29 19:27:47,644 WARN stopped: laravel-queue (terminated by SIGTERM)
2024-05-29 19:30:31,396 INFO Set uid to user 0 succeeded
2024-05-29 19:30:31,437 INFO supervisord started with pid 1
2024-05-29 19:30:32,443 INFO spawned: 'laravel-queue' with pid 7
2024-05-29 19:30:32,445 INFO spawned: 'nginx' with pid 8
2024-05-29 19:30:32,447 INFO spawned: 'php-fpm' with pid 9
2024-05-29 19:30:33,518 INFO success: laravel-queue entered RUNNING state, process has stayed up for > than 1 seconds (startsecs)
2024-05-29 19:30:33,518 INFO success: nginx entered RUNNING state, process has stayed up for > than 1 seconds (startsecs)
2024-05-29 19:30:33,518 INFO success: php-fpm entered RUNNING state, process has stayed up for > than 1 seconds (startsecs)
2024-05-29 19:48:24,729 INFO reaped unknown pid 66 (terminated by SIGINT)
2024-05-29 20:52:06,057 INFO reaped unknown pid 129 (terminated by SIGINT)
2024-05-29 20:52:10,075 WARN received SIGQUIT indicating exit request
2024-05-29 20:52:10,076 INFO waiting for laravel-queue, nginx, php-fpm to die
2024-05-29 20:52:10,082 INFO stopped: php-fpm (exit status 0)
2024-05-29 20:52:10,084 INFO stopped: nginx (exit status 0)
2024-05-29 20:52:10,087 WARN stopped: laravel-queue (terminated by SIGTERM)
2024-05-30 21:33:09,632 INFO Set uid to user 0 succeeded
2024-05-30 21:33:09,748 INFO supervisord started with pid 1
2024-05-30 21:33:10,754 INFO spawned: 'laravel-queue' with pid 7
2024-05-30 21:33:10,756 INFO spawned: 'nginx' with pid 8
2024-05-30 21:33:10,758 INFO spawned: 'php-fpm' with pid 9
2024-05-30 21:33:11,825 INFO success: laravel-queue entered RUNNING state, process has stayed up for > than 1 seconds (startsecs)
2024-05-30 21:33:11,825 INFO success: nginx entered RUNNING state, process has stayed up for > than 1 seconds (startsecs)
2024-05-30 21:33:11,825 INFO success: php-fpm entered RUNNING state, process has stayed up for > than 1 seconds (startsecs)
2024-05-31 13:09:30,479 INFO reaped unknown pid 57 (terminated by SIGINT)
2024-05-31 13:12:40,521 WARN received SIGQUIT indicating exit request
2024-05-31 13:12:40,521 INFO waiting for laravel-queue, nginx, php-fpm to die
2024-05-31 13:12:40,532 INFO stopped: php-fpm (exit status 0)
2024-05-31 13:12:40,535 INFO stopped: nginx (exit status 0)
2024-05-31 13:12:41,543 WARN stopped: laravel-queue (terminated by SIGTERM)
2024-05-31 19:06:48,769 INFO Set uid to user 0 succeeded
2024-05-31 19:06:48,794 INFO supervisord started with pid 1
2024-05-31 19:06:49,800 INFO spawned: 'laravel-queue' with pid 7
2024-05-31 19:06:49,802 INFO spawned: 'nginx' with pid 8
2024-05-31 19:06:49,804 INFO spawned: 'php-fpm' with pid 9
2024-05-31 19:06:50,890 INFO success: laravel-queue entered RUNNING state, process has stayed up for > than 1 seconds (startsecs)
2024-05-31 19:06:50,890 INFO success: nginx entered RUNNING state, process has stayed up for > than 1 seconds (startsecs)
2024-05-31 19:06:50,890 INFO success: php-fpm entered RUNNING state, process has stayed up for > than 1 seconds (startsecs)
2024-06-01 03:17:24,353 INFO reaped unknown pid 57 (terminated by SIGINT)
2024-06-01 03:17:29,375 WARN received SIGQUIT indicating exit request
2024-06-01 03:17:29,375 INFO waiting for laravel-queue, nginx, php-fpm to die
2024-06-01 03:17:29,385 INFO stopped: php-fpm (exit status 0)
2024-06-01 03:17:29,389 INFO stopped: nginx (exit status 0)
2024-06-01 03:17:30,396 WARN stopped: laravel-queue (terminated by SIGTERM)
2024-06-01 03:17:31,441 INFO Set uid to user 0 succeeded
2024-06-01 03:17:31,443 INFO supervisord started with pid 1
2024-06-01 03:17:32,451 INFO spawned: 'laravel-queue' with pid 7
2024-06-01 03:17:32,453 INFO spawned: 'nginx' with pid 8
2024-06-01 03:17:32,455 INFO spawned: 'php-fpm' with pid 9
2024-06-01 03:17:33,501 INFO success: laravel-queue entered RUNNING state, process has stayed up for > than 1 seconds (startsecs)
2024-06-01 03:17:33,501 INFO success: nginx entered RUNNING state, process has stayed up for > than 1 seconds (startsecs)
2024-06-01 03:17:33,501 INFO success: php-fpm entered RUNNING state, process has stayed up for > than 1 seconds (startsecs)
2024-06-01 04:22:20,106 WARN received SIGQUIT indicating exit request
2024-06-01 04:22:20,109 INFO waiting for laravel-queue, nginx, php-fpm to die
2024-06-01 04:22:20,133 INFO stopped: php-fpm (exit status 0)
2024-06-01 04:22:20,137 INFO stopped: nginx (exit status 0)
2024-06-01 04:22:21,146 WARN stopped: laravel-queue (terminated by SIGTERM)
2024-07-04 18:11:03,227 INFO Set uid to user 0 succeeded
2024-07-04 18:11:03,235 INFO supervisord started with pid 1
2024-07-04 18:11:04,243 INFO spawned: 'laravel-queue' with pid 7
2024-07-04 18:11:04,245 INFO spawned: 'nginx' with pid 8
2024-07-04 18:11:04,249 INFO spawned: 'php-fpm' with pid 9
2024-07-04 18:11:05,315 INFO success: laravel-queue entered RUNNING state, process has stayed up for > than 1 seconds (startsecs)
2024-07-04 18:11:05,315 INFO success: nginx entered RUNNING state, process has stayed up for > than 1 seconds (startsecs)
2024-07-04 18:11:05,315 INFO success: php-fpm entered RUNNING state, process has stayed up for > than 1 seconds (startsecs)
2024-07-04 18:43:26,254 INFO reaped unknown pid 299 (exit status 0)
2024-07-04 19:20:16,349 INFO reaped unknown pid 59 (terminated by SIGINT)
2024-07-04 19:24:07,003 INFO reaped unknown pid 1743 (terminated by SIGINT)
2024-07-04 19:25:58,704 INFO reaped unknown pid 1805 (terminated by SIGINT)
2024-07-04 19:26:19,808 INFO reaped unknown pid 1854 (terminated by SIGINT)
2024-07-04 19:34:04,018 WARN received SIGQUIT indicating exit request
2024-07-04 19:34:04,021 INFO waiting for laravel-queue, nginx, php-fpm to die
2024-07-04 19:34:04,036 INFO stopped: php-fpm (exit status 0)
2024-07-04 19:34:04,044 INFO stopped: nginx (exit status 0)
2024-07-04 19:34:05,057 WARN stopped: laravel-queue (terminated by SIGTERM)
2024-07-04 19:51:14,666 INFO Set uid to user 0 succeeded
2024-07-04 19:51:14,688 INFO supervisord started with pid 1
2024-07-04 19:51:15,695 INFO spawned: 'laravel-queue' with pid 7
2024-07-04 19:51:15,696 INFO spawned: 'nginx' with pid 8
2024-07-04 19:51:15,698 INFO spawned: 'php-fpm' with pid 9
2024-07-04 19:51:16,746 INFO success: laravel-queue entered RUNNING state, process has stayed up for > than 1 seconds (startsecs)
2024-07-04 19:51:16,746 INFO success: nginx entered RUNNING state, process has stayed up for > than 1 seconds (startsecs)
2024-07-04 19:51:16,746 INFO success: php-fpm entered RUNNING state, process has stayed up for > than 1 seconds (startsecs)
2024-07-04 20:01:49,972 INFO reaped unknown pid 133 (terminated by SIGINT)
2024-07-08 12:45:03,258 INFO Set uid to user 0 succeeded
2024-07-08 12:45:03,365 INFO supervisord started with pid 1
2024-07-08 12:45:04,372 INFO spawned: 'laravel-queue' with pid 7
2024-07-08 12:45:04,374 INFO spawned: 'nginx' with pid 8
2024-07-08 12:45:04,377 INFO spawned: 'php-fpm' with pid 9
2024-07-08 12:45:05,457 INFO success: laravel-queue entered RUNNING state, process has stayed up for > than 1 seconds (startsecs)
2024-07-08 12:45:05,457 INFO success: nginx entered RUNNING state, process has stayed up for > than 1 seconds (startsecs)
2024-07-08 12:45:05,457 INFO success: php-fpm entered RUNNING state, process has stayed up for > than 1 seconds (startsecs)
2024-07-08 19:18:06,279 INFO reaped unknown pid 57 (terminated by SIGINT)
2024-07-08 21:03:15,244 INFO reaped unknown pid 652 (terminated by SIGINT)
2024-07-08 21:03:21,377 WARN received SIGQUIT indicating exit request
2024-07-08 21:03:21,384 INFO waiting for laravel-queue, nginx, php-fpm to die
2024-07-08 21:03:21,420 INFO stopped: php-fpm (exit status 0)
2024-07-08 21:03:21,434 INFO stopped: nginx (exit status 0)
2024-07-08 21:03:21,443 WARN stopped: laravel-queue (terminated by SIGTERM)
2024-07-09 11:54:14,453 INFO Set uid to user 0 succeeded
2024-07-09 11:54:14,456 INFO supervisord started with pid 1
2024-07-09 11:54:15,464 INFO spawned: 'laravel-queue' with pid 7
2024-07-09 11:54:15,466 INFO spawned: 'nginx' with pid 8
2024-07-09 11:54:15,468 INFO spawned: 'php-fpm' with pid 9
2024-07-09 11:54:16,582 INFO success: laravel-queue entered RUNNING state, process has stayed up for > than 1 seconds (startsecs)
2024-07-09 11:54:16,582 INFO success: nginx entered RUNNING state, process has stayed up for > than 1 seconds (startsecs)
2024-07-09 11:54:16,583 INFO success: php-fpm entered RUNNING state, process has stayed up for > than 1 seconds (startsecs)
2024-07-09 13:26:42,113 INFO reaped unknown pid 57 (terminated by SIGINT)
2024-07-09 14:07:46,858 INFO reaped unknown pid 114 (terminated by SIGINT)
2024-07-09 18:34:57,452 INFO reaped unknown pid 160 (terminated by SIGINT)
2024-07-09 18:34:59,609 WARN received SIGQUIT indicating exit request
2024-07-09 18:34:59,614 INFO waiting for laravel-queue, nginx, php-fpm to die
2024-07-09 18:34:59,624 INFO stopped: php-fpm (exit status 0)
2024-07-09 18:34:59,633 INFO stopped: nginx (exit status 0)
2024-07-09 18:34:59,642 WARN stopped: laravel-queue (terminated by SIGTERM)
2024-07-09 20:55:49,696 INFO Set uid to user 0 succeeded
2024-07-09 20:55:49,698 INFO supervisord started with pid 1
2024-07-09 20:55:50,707 INFO spawned: 'laravel-queue' with pid 7
2024-07-09 20:55:50,709 INFO spawned: 'nginx' with pid 8
2024-07-09 20:55:50,711 INFO spawned: 'php-fpm' with pid 9
2024-07-09 20:55:51,755 INFO success: laravel-queue entered RUNNING state, process has stayed up for > than 1 seconds (startsecs)
2024-07-09 20:55:51,755 INFO success: nginx entered RUNNING state, process has stayed up for > than 1 seconds (startsecs)
2024-07-09 20:55:51,755 INFO success: php-fpm entered RUNNING state, process has stayed up for > than 1 seconds (startsecs)
2024-07-09 20:56:18,880 INFO reaped unknown pid 80 (exit status 0)
2024-07-09 21:01:52,411 WARN received SIGQUIT indicating exit request
2024-07-09 21:01:52,411 INFO waiting for laravel-queue, nginx, php-fpm to die
2024-07-09 21:01:52,417 INFO stopped: php-fpm (exit status 0)
2024-07-09 21:01:52,420 INFO stopped: nginx (exit status 0)
2024-07-09 21:01:53,430 WARN stopped: laravel-queue (terminated by SIGTERM)
2024-07-22 18:46:42,149 INFO Set uid to user 0 succeeded
2024-07-22 18:46:42,166 INFO supervisord started with pid 1
2024-07-22 18:46:43,173 INFO spawned: 'laravel-queue' with pid 7
2024-07-22 18:46:43,175 INFO spawned: 'nginx' with pid 8
2024-07-22 18:46:43,176 INFO spawned: 'php-fpm' with pid 9
2024-07-22 18:46:44,249 INFO success: laravel-queue entered RUNNING state, process has stayed up for > than 1 seconds (startsecs)
2024-07-22 18:46:44,249 INFO success: nginx entered RUNNING state, process has stayed up for > than 1 seconds (startsecs)
2024-07-22 18:46:44,249 INFO success: php-fpm entered RUNNING state, process has stayed up for > than 1 seconds (startsecs)
2024-07-22 18:50:53,425 WARN received SIGQUIT indicating exit request
2024-07-22 18:50:53,425 INFO waiting for laravel-queue, nginx, php-fpm to die
2024-07-22 18:50:53,431 INFO stopped: php-fpm (exit status 0)
2024-07-22 18:50:53,433 INFO stopped: nginx (exit status 0)
2024-07-22 18:50:54,442 WARN stopped: laravel-queue (terminated by SIGTERM)
2024-07-22 19:02:43,266 INFO Set uid to user 0 succeeded
2024-07-22 19:02:43,405 INFO supervisord started with pid 1
2024-07-22 19:02:44,412 INFO spawned: 'laravel-queue' with pid 7
2024-07-22 19:02:44,415 INFO spawned: 'nginx' with pid 8
2024-07-22 19:02:44,418 INFO spawned: 'php-fpm' with pid 9
2024-07-22 19:02:45,492 INFO success: laravel-queue entered RUNNING state, process has stayed up for > than 1 seconds (startsecs)
2024-07-22 19:02:45,492 INFO success: nginx entered RUNNING state, process has stayed up for > than 1 seconds (startsecs)
2024-07-22 19:02:45,492 INFO success: php-fpm entered RUNNING state, process has stayed up for > than 1 seconds (startsecs)
2024-07-22 19:03:56,941 INFO reaped unknown pid 57 (terminated by SIGINT)
2024-07-22 19:09:04,245 INFO reaped unknown pid 184 (exit status 0)
2024-07-22 23:35:40,702 INFO reaped unknown pid 912 (exit status 0)
2024-07-23 02:34:09,910 INFO reaped unknown pid 90 (terminated by SIGINT)
2024-07-23 14:18:42,554 INFO reaped unknown pid 1325 (terminated by SIGINT)
2024-07-23 14:32:31,881 INFO reaped unknown pid 1654 (terminated by SIGINT)
2024-07-23 14:32:35,898 WARN received SIGQUIT indicating exit request
2024-07-23 14:32:35,910 INFO waiting for laravel-queue, nginx, php-fpm to die
2024-07-23 14:32:35,935 INFO stopped: php-fpm (exit status 0)
2024-07-23 14:32:35,943 INFO stopped: nginx (exit status 0)
2024-07-23 14:32:36,955 WARN stopped: laravel-queue (terminated by SIGTERM)
2024-07-24 03:19:47,321 INFO Set uid to user 0 succeeded
2024-07-24 03:19:47,342 INFO supervisord started with pid 1
2024-07-24 03:19:48,349 INFO spawned: 'laravel-queue' with pid 7
2024-07-24 03:19:48,351 INFO spawned: 'nginx' with pid 8
2024-07-24 03:19:48,353 INFO spawned: 'php-fpm' with pid 9
2024-07-24 03:19:49,448 INFO success: laravel-queue entered RUNNING state, process has stayed up for > than 1 seconds (startsecs)
2024-07-24 03:19:49,448 INFO success: nginx entered RUNNING state, process has stayed up for > than 1 seconds (startsecs)
2024-07-24 03:19:49,449 INFO success: php-fpm entered RUNNING state, process has stayed up for > than 1 seconds (startsecs)
2024-07-24 03:20:11,335 WARN exited: laravel-queue (exit status 1; not expected)
2024-07-24 03:20:12,342 INFO spawned: 'laravel-queue' with pid 56
2024-07-24 03:20:13,348 INFO success: laravel-queue entered RUNNING state, process has stayed up for > than 1 seconds (startsecs)
2024-07-24 03:21:17,649 INFO reaped unknown pid 61 (exit status 0)
2024-07-25 01:41:15,966 INFO Set uid to user 0 succeeded
2024-07-25 01:41:15,999 INFO supervisord started with pid 1
2024-07-25 01:41:17,008 INFO spawned: 'laravel-queue' with pid 7
2024-07-25 01:41:17,011 INFO spawned: 'nginx' with pid 8
2024-07-25 01:41:17,012 INFO spawned: 'php-fpm' with pid 9
2024-07-25 01:41:18,150 INFO success: laravel-queue entered RUNNING state, process has stayed up for > than 1 seconds (startsecs)
2024-07-25 01:41:18,150 INFO success: nginx entered RUNNING state, process has stayed up for > than 1 seconds (startsecs)
2024-07-25 01:41:18,150 INFO success: php-fpm entered RUNNING state, process has stayed up for > than 1 seconds (startsecs)
2024-07-25 11:27:04,151 WARN received SIGQUIT indicating exit request
2024-07-25 11:27:04,151 INFO waiting for laravel-queue, nginx, php-fpm to die
2024-07-25 11:27:04,164 INFO stopped: php-fpm (exit status 0)
2024-07-25 11:27:04,166 INFO stopped: nginx (exit status 0)
2024-07-25 11:27:05,174 WARN stopped: laravel-queue (terminated by SIGTERM)
2024-07-26 16:15:03,117 INFO Set uid to user 0 succeeded
2024-07-26 16:15:03,222 INFO supervisord started with pid 1
2024-07-26 16:15:04,229 INFO spawned: 'laravel-queue' with pid 7
2024-07-26 16:15:04,231 INFO spawned: 'nginx' with pid 8
2024-07-26 16:15:04,233 INFO spawned: 'php-fpm' with pid 9
2024-07-26 16:15:05,284 INFO success: laravel-queue entered RUNNING state, process has stayed up for > than 1 seconds (startsecs)
2024-07-26 16:15:05,284 INFO success: nginx entered RUNNING state, process has stayed up for > than 1 seconds (startsecs)
2024-07-26 16:15:05,285 INFO success: php-fpm entered RUNNING state, process has stayed up for > than 1 seconds (startsecs)
2024-07-26 16:21:45,190 INFO reaped unknown pid 121 (exit status 0)
2024-07-26 16:23:05,571 WARN received SIGQUIT indicating exit request
2024-07-26 16:23:05,571 INFO waiting for laravel-queue, nginx, php-fpm to die
2024-07-26 16:23:05,577 INFO stopped: php-fpm (exit status 0)
2024-07-26 16:23:05,580 INFO stopped: nginx (exit status 0)
2024-07-26 16:23:06,590 WARN stopped: laravel-queue (terminated by SIGTERM)
2024-07-29 17:45:50,006 INFO Set uid to user 0 succeeded
2024-07-29 17:45:50,029 INFO supervisord started with pid 1
2024-07-29 17:45:51,039 INFO spawned: 'laravel-queue' with pid 7
2024-07-29 17:45:51,041 INFO spawned: 'nginx' with pid 8
2024-07-29 17:45:51,043 INFO spawned: 'php-fpm' with pid 9
2024-07-29 17:45:52,152 INFO success: laravel-queue entered RUNNING state, process has stayed up for > than 1 seconds (startsecs)
2024-07-29 17:45:52,152 INFO success: nginx entered RUNNING state, process has stayed up for > than 1 seconds (startsecs)
2024-07-29 17:45:52,152 INFO success: php-fpm entered RUNNING state, process has stayed up for > than 1 seconds (startsecs)
2024-07-30 01:27:46,063 WARN received SIGQUIT indicating exit request
2024-07-30 01:27:46,064 INFO waiting for laravel-queue, nginx, php-fpm to die
2024-07-30 01:27:46,075 INFO stopped: php-fpm (exit status 0)
2024-07-30 01:27:46,077 INFO stopped: nginx (exit status 0)
2024-07-30 01:27:46,081 WARN stopped: laravel-queue (terminated by SIGTERM)
2024-07-31 14:29:01,997 INFO Set uid to user 0 succeeded
2024-07-31 14:29:02,038 INFO supervisord started with pid 1
2024-07-31 14:29:03,047 INFO spawned: 'laravel-queue' with pid 7
2024-07-31 14:29:03,049 INFO spawned: 'nginx' with pid 8
2024-07-31 14:29:03,051 INFO spawned: 'php-fpm' with pid 9
2024-07-31 14:29:04,131 INFO success: laravel-queue entered RUNNING state, process has stayed up for > than 1 seconds (startsecs)
2024-07-31 14:29:04,131 INFO success: nginx entered RUNNING state, process has stayed up for > than 1 seconds (startsecs)
2024-07-31 14:29:04,131 INFO success: php-fpm entered RUNNING state, process has stayed up for > than 1 seconds (startsecs)
2024-07-31 14:29:42,286 INFO reaped unknown pid 56 (exit status 0)
2024-07-31 16:55:05,662 WARN received SIGQUIT indicating exit request
2024-07-31 16:55:05,662 INFO waiting for laravel-queue, nginx, php-fpm to die
2024-07-31 16:55:05,669 INFO stopped: php-fpm (exit status 0)
2024-07-31 16:55:05,671 INFO stopped: nginx (exit status 0)
2024-07-31 16:55:05,677 WARN stopped: laravel-queue (terminated by SIGTERM)
2024-08-09 14:26:01,231 INFO Set uid to user 0 succeeded
2024-08-09 14:26:01,271 INFO supervisord started with pid 1
2024-08-09 14:26:02,280 INFO spawned: 'laravel-queue' with pid 7
2024-08-09 14:26:02,282 INFO spawned: 'nginx' with pid 8
2024-08-09 14:26:02,284 INFO spawned: 'php-fpm' with pid 9
2024-08-09 14:26:03,392 INFO success: laravel-queue entered RUNNING state, process has stayed up for > than 1 seconds (startsecs)
2024-08-09 14:26:03,392 INFO success: nginx entered RUNNING state, process has stayed up for > than 1 seconds (startsecs)
2024-08-09 14:26:03,392 INFO success: php-fpm entered RUNNING state, process has stayed up for > than 1 seconds (startsecs)
2024-08-09 14:47:45,255 INFO reaped unknown pid 305 (exit status 0)
2024-08-09 17:51:02,549 WARN received SIGQUIT indicating exit request
2024-08-09 17:51:02,549 INFO waiting for laravel-queue, nginx, php-fpm to die
2024-08-09 17:51:02,559 INFO stopped: php-fpm (exit status 0)
2024-08-09 17:51:02,561 INFO stopped: nginx (exit status 0)
2024-08-09 17:51:03,570 WARN stopped: laravel-queue (terminated by SIGTERM)
2024-08-15 23:17:48,627 INFO Set uid to user 0 succeeded
2024-08-15 23:17:48,659 INFO supervisord started with pid 1
2024-08-15 23:17:49,668 INFO spawned: 'laravel-queue' with pid 7
2024-08-15 23:17:49,671 INFO spawned: 'nginx' with pid 8
2024-08-15 23:17:49,677 INFO spawned: 'php-fpm' with pid 9
2024-08-15 23:17:50,746 INFO success: laravel-queue entered RUNNING state, process has stayed up for > than 1 seconds (startsecs)
2024-08-15 23:17:50,746 INFO success: nginx entered RUNNING state, process has stayed up for > than 1 seconds (startsecs)
2024-08-15 23:17:50,746 INFO success: php-fpm entered RUNNING state, process has stayed up for > than 1 seconds (startsecs)
2024-08-15 23:19:24,306 INFO reaped unknown pid 57 (terminated by SIGINT)
2024-08-15 23:27:27,874 INFO reaped unknown pid 132 (exit status 0)
2024-08-21 21:55:02,258 INFO Set uid to user 0 succeeded
2024-08-21 21:55:02,261 INFO supervisord started with pid 1
2024-08-21 21:55:03,267 INFO spawned: 'laravel-queue' with pid 7
2024-08-21 21:55:03,270 INFO spawned: 'nginx' with pid 8
2024-08-21 21:55:03,272 INFO spawned: 'php-fpm' with pid 9
2024-08-21 21:55:04,352 INFO success: laravel-queue entered RUNNING state, process has stayed up for > than 1 seconds (startsecs)
2024-08-21 21:55:04,352 INFO success: nginx entered RUNNING state, process has stayed up for > than 1 seconds (startsecs)
2024-08-21 21:55:04,352 INFO success: php-fpm entered RUNNING state, process has stayed up for > than 1 seconds (startsecs)
2024-08-21 21:55:27,376 INFO reaped unknown pid 87 (exit status 0)
2024-09-09 12:20:10,654 INFO Set uid to user 0 succeeded
2024-09-09 12:20:10,670 INFO supervisord started with pid 1
2024-09-09 12:20:11,678 INFO spawned: 'laravel-queue' with pid 7
2024-09-09 12:20:11,681 INFO spawned: 'nginx' with pid 8
2024-09-09 12:20:11,683 INFO spawned: 'php-fpm' with pid 9
2024-09-09 12:20:12,800 INFO success: laravel-queue entered RUNNING state, process has stayed up for > than 1 seconds (startsecs)
2024-09-09 12:20:12,800 INFO success: nginx entered RUNNING state, process has stayed up for > than 1 seconds (startsecs)
2024-09-09 12:20:12,800 INFO success: php-fpm entered RUNNING state, process has stayed up for > than 1 seconds (startsecs)
2024-09-09 12:24:25,003 INFO reaped unknown pid 247 (exit status 0)
2024-09-09 12:40:40,658 WARN received SIGQUIT indicating exit request
2024-09-09 12:40:40,658 INFO waiting for laravel-queue, nginx, php-fpm to die
2024-09-09 12:40:40,664 INFO stopped: php-fpm (exit status 0)
2024-09-09 12:40:40,667 INFO stopped: nginx (exit status 0)
2024-09-09 12:40:41,677 WARN stopped: laravel-queue (terminated by SIGTERM)
2024-09-09 14:06:34,114 INFO Set uid to user 0 succeeded
2024-09-09 14:06:34,142 INFO supervisord started with pid 1
2024-09-09 14:06:35,149 INFO spawned: 'laravel-queue' with pid 7
2024-09-09 14:06:35,150 INFO spawned: 'nginx' with pid 8
2024-09-09 14:06:35,152 INFO spawned: 'php-fpm' with pid 9
2024-09-09 14:06:36,254 INFO success: laravel-queue entered RUNNING state, process has stayed up for > than 1 seconds (startsecs)
2024-09-09 14:06:36,254 INFO success: nginx entered RUNNING state, process has stayed up for > than 1 seconds (startsecs)
2024-09-09 14:06:36,254 INFO success: php-fpm entered RUNNING state, process has stayed up for > than 1 seconds (startsecs)
2024-09-09 14:22:55,747 WARN received SIGQUIT indicating exit request
2024-09-09 14:22:55,747 INFO waiting for laravel-queue, nginx, php-fpm to die
2024-09-09 14:22:55,753 INFO stopped: php-fpm (exit status 0)
2024-09-09 14:22:55,756 INFO stopped: nginx (exit status 0)
2024-09-09 14:22:55,761 WARN stopped: laravel-queue (terminated by SIGTERM)
2024-09-12 00:22:11,079 INFO Set uid to user 0 succeeded
2024-09-12 00:22:11,095 INFO supervisord started with pid 1
2024-09-12 00:22:12,104 INFO spawned: 'laravel-queue' with pid 7
2024-09-12 00:22:12,106 INFO spawned: 'nginx' with pid 8
2024-09-12 00:22:12,107 INFO spawned: 'php-fpm' with pid 9
2024-09-12 00:22:13,173 INFO success: laravel-queue entered RUNNING state, process has stayed up for > than 1 seconds (startsecs)
2024-09-12 00:22:13,173 INFO success: nginx entered RUNNING state, process has stayed up for > than 1 seconds (startsecs)
2024-09-12 00:22:13,173 INFO success: php-fpm entered RUNNING state, process has stayed up for > than 1 seconds (startsecs)
2024-09-12 00:22:53,342 INFO reaped unknown pid 113 (exit status 0)
2024-09-12 00:23:58,632 WARN received SIGQUIT indicating exit request
2024-09-12 00:23:58,632 INFO waiting for laravel-queue, nginx, php-fpm to die
2024-09-12 00:23:58,638 INFO stopped: php-fpm (exit status 0)
2024-09-12 00:23:58,641 INFO stopped: nginx (exit status 0)
2024-09-12 00:23:58,646 WARN stopped: laravel-queue (terminated by SIGTERM)
2024-09-12 18:12:25,596 INFO Set uid to user 0 succeeded
2024-09-12 18:12:25,613 INFO supervisord started with pid 1
2024-09-12 18:12:26,622 INFO spawned: 'laravel-queue' with pid 7
2024-09-12 18:12:26,624 INFO spawned: 'nginx' with pid 8
2024-09-12 18:12:26,626 INFO spawned: 'php-fpm' with pid 9
2024-09-12 18:12:27,689 INFO success: laravel-queue entered RUNNING state, process has stayed up for > than 1 seconds (startsecs)
2024-09-12 18:12:27,690 INFO success: nginx entered RUNNING state, process has stayed up for > than 1 seconds (startsecs)
2024-09-12 18:12:27,690 INFO success: php-fpm entered RUNNING state, process has stayed up for > than 1 seconds (startsecs)
2024-09-12 18:12:49,797 INFO reaped unknown pid 50 (exit status 0)
2024-09-12 18:14:19,211 WARN received SIGQUIT indicating exit request
2024-09-12 18:14:19,211 INFO waiting for laravel-queue, nginx, php-fpm to die
2024-09-12 18:14:19,216 INFO stopped: php-fpm (exit status 0)
2024-09-12 18:14:19,219 INFO stopped: nginx (exit status 0)
2024-09-12 18:14:19,224 WARN stopped: laravel-queue (terminated by SIGTERM)
2024-09-12 18:14:22,215 INFO Set uid to user 0 succeeded
2024-09-12 18:14:22,216 INFO supervisord started with pid 1
2024-09-12 18:14:23,223 INFO spawned: 'laravel-queue' with pid 7
2024-09-12 18:14:23,225 INFO spawned: 'nginx' with pid 8
2024-09-12 18:14:23,227 INFO spawned: 'php-fpm' with pid 9
2024-09-12 18:14:24,278 INFO success: laravel-queue entered RUNNING state, process has stayed up for > than 1 seconds (startsecs)
2024-09-12 18:14:24,278 INFO success: nginx entered RUNNING state, process has stayed up for > than 1 seconds (startsecs)
2024-09-12 18:14:24,278 INFO success: php-fpm entered RUNNING state, process has stayed up for > than 1 seconds (startsecs)
2024-09-12 18:14:25,279 WARN received SIGQUIT indicating exit request
2024-09-12 18:14:25,279 INFO waiting for laravel-queue, nginx, php-fpm to die
2024-09-12 18:14:25,285 INFO stopped: php-fpm (exit status 0)
2024-09-12 18:14:25,288 INFO stopped: nginx (exit status 0)
2024-09-12 18:14:25,293 WARN stopped: laravel-queue (terminated by SIGTERM)
2024-09-12 18:16:47,875 INFO Set uid to user 0 succeeded
2024-09-12 18:16:47,889 INFO supervisord started with pid 1
2024-09-12 18:16:48,896 INFO spawned: 'laravel-queue' with pid 7
2024-09-12 18:16:48,899 INFO spawned: 'nginx' with pid 8
2024-09-12 18:16:48,901 INFO spawned: 'php-fpm' with pid 9
2024-09-12 18:16:49,988 INFO success: laravel-queue entered RUNNING state, process has stayed up for > than 1 seconds (startsecs)
2024-09-12 18:16:49,988 INFO success: nginx entered RUNNING state, process has stayed up for > than 1 seconds (startsecs)
2024-09-12 18:16:49,988 INFO success: php-fpm entered RUNNING state, process has stayed up for > than 1 seconds (startsecs)
2024-09-12 18:17:38,217 WARN received SIGQUIT indicating exit request
2024-09-12 18:17:38,217 INFO waiting for laravel-queue, nginx, php-fpm to die
2024-09-12 18:17:38,223 INFO stopped: php-fpm (exit status 0)
2024-09-12 18:17:38,225 INFO stopped: nginx (exit status 0)
2024-09-12 18:17:38,230 WARN stopped: laravel-queue (terminated by SIGTERM)
2024-09-12 18:17:41,483 INFO Set uid to user 0 succeeded
2024-09-12 18:17:41,484 INFO supervisord started with pid 1
